<?xml version="1.0" encoding="UTF-8"?>
<!-- Generated by org.testng.reporters.JUnitReportReporter -->
<testsuite hostname="Mukul" failures="0" tests="1" name="airline_test_cases.TC_10_Validating_Flight_Details_Fair_Cancelation" time="23.383" errors="0" timestamp="2024-05-17T00:11:44 IST" skipped="0">
  <testcase classname="airline_test_cases.TC_10_Validating_Flight_Details_Fair_Cancelation" name="flight_details" time="23.383"/>
</testsuite> <!-- airline_test_cases.TC_10_Validating_Flight_Details_Fair_Cancelation -->
