<?xml version="1.0" encoding="UTF-8"?>
<!-- Generated by org.testng.reporters.JUnitReportReporter -->
<testsuite hostname="Mukul" failures="0" tests="1" name="airline_test_cases.TC_6_Search_Result_For_Different_Classes" time="18.683" errors="0" timestamp="2024-05-15T12:45:07 IST" skipped="0">
  <testcase classname="airline_test_cases.TC_6_Search_Result_For_Different_Classes" name="Search_For_Different_Classes" time="18.683"/>
</testsuite> <!-- airline_test_cases.TC_6_Search_Result_For_Different_Classes -->
