<?xml version="1.0" encoding="UTF-8"?>
<!-- Generated by org.testng.reporters.JUnitReportReporter -->
<testsuite hostname="Mukul" failures="0" tests="1" name="airline_test_cases.TC_5_Search_Functionality_With_Round_Trip" time="21.129" errors="0" timestamp="2024-05-14T20:19:14 IST" skipped="0">
  <testcase classname="airline_test_cases.TC_5_Search_Functionality_With_Round_Trip" name="Round_Trip" time="21.129"/>
</testsuite> <!-- airline_test_cases.TC_5_Search_Functionality_With_Round_Trip -->
