<?xml version="1.0" encoding="UTF-8"?>
<!-- Generated by org.testng.reporters.JUnitReportReporter -->
<testsuite hostname="Mukul" failures="0" tests="1" name="airline_test_cases.TC_9_Handle_Multiple_Passenger_In_Single_Booking" time="24.267" errors="0" timestamp="2024-05-16T23:59:54 IST" skipped="0">
  <testcase classname="airline_test_cases.TC_9_Handle_Multiple_Passenger_In_Single_Booking" name="handling_multiple_travellers_" time="24.267"/>
</testsuite> <!-- airline_test_cases.TC_9_Handle_Multiple_Passenger_In_Single_Booking -->
