<?xml version="1.0" encoding="UTF-8"?>
<!-- Generated by org.testng.reporters.JUnitReportReporter -->
<testsuite hostname="Mukul" failures="0" tests="1" name="airline_test_cases.TC_15_Reach_Till_Payment_And_Select_Credit_Card" time="25.481" errors="0" timestamp="2024-05-18T20:09:59 IST" skipped="0">
  <testcase classname="airline_test_cases.TC_15_Reach_Till_Payment_And_Select_Credit_Card" name="Credit_Card_Select" time="25.481"/>
</testsuite> <!-- airline_test_cases.TC_15_Reach_Till_Payment_And_Select_Credit_Card -->
