<?xml version="1.0" encoding="UTF-8"?>
<!-- Generated by org.testng.reporters.JUnitReportReporter -->
<testsuite hostname="Mukul" failures="0" tests="1" name="airline_test_cases.TC_14_Validate_Domestic_Round_Trip" time="14.576" errors="0" timestamp="2024-05-18T12:22:00 IST" skipped="0">
  <testcase classname="airline_test_cases.TC_14_Validate_Domestic_Round_Trip" name="Domestic_Round_Trip" time="14.576"/>
</testsuite> <!-- airline_test_cases.TC_14_Validate_Domestic_Round_Trip -->
