<?xml version="1.0" encoding="UTF-8"?>
<!-- Generated by org.testng.reporters.JUnitReportReporter -->
<testsuite hostname="Mukul" failures="0" tests="1" name="airline_test_cases.TC_12_Login_Search_Logout" time="22.231" errors="0" timestamp="2024-05-17T11:12:00 IST" skipped="0">
  <testcase classname="airline_test_cases.TC_12_Login_Search_Logout" name="Login_Search_Flight_Logout" time="22.231"/>
</testsuite> <!-- airline_test_cases.TC_12_Login_Search_Logout -->
