<?xml version="1.0" encoding="UTF-8"?>
<!-- Generated by org.testng.reporters.JUnitReportReporter -->
<testsuite hostname="Mukul" failures="0" tests="1" name="airline_test_cases.TC_2_Login_With_Valid_Credentials" time="8.358" errors="0" timestamp="2024-05-18T14:13:06 IST" skipped="0">
  <testcase classname="airline_test_cases.TC_2_Login_With_Valid_Credentials" name="Login_with_Valid_Email_and_Password" time="8.358"/>
</testsuite> <!-- airline_test_cases.TC_2_Login_With_Valid_Credentials -->
