<?xml version="1.0" encoding="UTF-8"?>
<!-- Generated by org.testng.reporters.JUnitReportReporter -->
<testsuite hostname="Mukul" failures="0" tests="1" name="airline_test_cases.TC_7_Search_Functionality_With_Multi_City" time="19.245" errors="0" timestamp="2024-05-17T14:17:50 IST" skipped="0">
  <testcase classname="airline_test_cases.TC_7_Search_Functionality_With_Multi_City" name="multicity_search" time="19.245"/>
</testsuite> <!-- airline_test_cases.TC_7_Search_Functionality_With_Multi_City -->
