<?xml version="1.0" encoding="UTF-8"?>
<!-- Generated by org.testng.reporters.JUnitReportReporter -->
<testsuite hostname="Mukul" failures="0" tests="1" name="airline_test_cases.TC_3_Login_With_Invalid_Credentials" time="11.371" errors="0" timestamp="2024-05-10T16:55:21 IST" skipped="0">
  <testcase classname="airline_test_cases.TC_3_Login_With_Invalid_Credentials" name="Login_With_Invalid_Credentials" time="11.371"/>
</testsuite> <!-- airline_test_cases.TC_3_Login_With_Invalid_Credentials -->
