<?xml version="1.0" encoding="UTF-8"?>
<!-- Generated by org.testng.reporters.JUnitReportReporter -->
<testsuite hostname="Mukul" failures="0" tests="1" name="airline_test_cases.TC_11_Validate_User_Able_To_Enter_All_Details" time="21.052" errors="0" timestamp="2024-05-17T09:09:52 IST" skipped="0">
  <testcase classname="airline_test_cases.TC_11_Validate_User_Able_To_Enter_All_Details" name="Validating_User_Text_Fields_Email_Mobile" time="21.052"/>
</testsuite> <!-- airline_test_cases.TC_11_Validate_User_Able_To_Enter_All_Details -->
