<?xml version="1.0" encoding="UTF-8"?>
<!-- Generated by org.testng.reporters.JUnitReportReporter -->
<testsuite hostname="Mukul" failures="0" tests="1" name="airline_test_cases.TC_4_Search_Functionality_With_One_Way_Flight" time="12.980" errors="0" timestamp="2024-05-18T14:14:14 IST" skipped="0">
  <testcase classname="airline_test_cases.TC_4_Search_Functionality_With_One_Way_Flight" name="Searching_One_Way_Flight" time="12.980"/>
</testsuite> <!-- airline_test_cases.TC_4_Search_Functionality_With_One_Way_Flight -->
